cuda:0
are inputs and targets on the GPU? True True
use batch-mean MSE as loss function
training epoch 0
training epoch 20
training epoch 40
training epoch 60
training epoch 80
training epoch 100
training epoch 120
training epoch 140
training epoch 160
training epoch 180
training epoch 200
training epoch 220
training epoch 240
training epoch 260
training epoch 280
training epoch 300
training epoch 320
training epoch 340
training epoch 360
training epoch 380
training epoch 400
training epoch 420
training epoch 440
training epoch 460
training epoch 480
training epoch 500
training epoch 520
training epoch 540
training epoch 560
training epoch 580
training epoch 600
training epoch 620
training epoch 640
training epoch 660
training epoch 680
training epoch 700
training epoch 720
training epoch 740
training epoch 760
training epoch 780
training epoch 800
training epoch 820
training epoch 840
training epoch 860
training epoch 880
training epoch 900
training epoch 920
training epoch 940
training epoch 960
training epoch 980
training epoch 1000
training epoch 1020
training epoch 1040
training epoch 1060
training epoch 1080
training epoch 1100
training epoch 1120
training epoch 1140
training epoch 1160
training epoch 1180
training epoch 1200
training epoch 1220
training epoch 1240
training epoch 1260
training epoch 1280
training epoch 1300
training epoch 1320
training epoch 1340
training epoch 1360
training epoch 1380
training epoch 1400
training epoch 1420
training epoch 1440
training epoch 1460
training epoch 1480
training epoch 1500
training epoch 1520
training epoch 1540
training epoch 1560
training epoch 1580
training epoch 1600
training epoch 1620
training epoch 1640
training epoch 1660
training epoch 1680
training epoch 1700
training epoch 1720
training epoch 1740
training epoch 1760
training epoch 1780
training epoch 1800
training epoch 1820
training epoch 1840
training epoch 1860
training epoch 1880
training epoch 1900
training epoch 1920
training epoch 1940
training epoch 1960
training epoch 1980
training epoch 2000
training epoch 2020
training epoch 2040
training epoch 2060
training epoch 2080
training epoch 2100
training epoch 2120
training epoch 2140
training epoch 2160
training epoch 2180
training epoch 2200
training epoch 2220
training epoch 2240
training epoch 2260
training epoch 2280
training epoch 2300
training epoch 2320
training epoch 2340
training epoch 2360
training epoch 2380
training epoch 2400
training epoch 2420
training epoch 2440
training epoch 2460
training epoch 2480
training epoch 2500
training epoch 2520
training epoch 2540
training epoch 2560
training epoch 2580
training epoch 2600
training epoch 2620
training epoch 2640
training epoch 2660
training epoch 2680
training epoch 2700
training epoch 2720
training epoch 2740
training epoch 2760
training epoch 2780
training epoch 2800
training epoch 2820
training epoch 2840
training epoch 2860
training epoch 2880
training epoch 2900
training epoch 2920
training epoch 2940
training epoch 2960
training epoch 2980
training epoch 3000
training epoch 3020
training epoch 3040
training epoch 3060
training epoch 3080
training epoch 3100
training epoch 3120
training epoch 3140
training epoch 3160
training epoch 3180
training epoch 3200
training epoch 3220
training epoch 3240
training epoch 3260
training epoch 3280
training epoch 3300
training epoch 3320
training epoch 3340
training epoch 3360
training epoch 3380
training epoch 3400
training epoch 3420
training epoch 3440
training epoch 3460
training epoch 3480
training epoch 3500
training epoch 3520
training epoch 3540
training epoch 3560
training epoch 3580
training epoch 3600
training epoch 3620
training epoch 3640
training epoch 3660
training epoch 3680
training epoch 3700
training epoch 3720
training epoch 3740
training epoch 3760
training epoch 3780
training epoch 3800
training epoch 3820
training epoch 3840
training epoch 3860
training epoch 3880
training epoch 3900
training epoch 3920
training epoch 3940
training epoch 3960
training epoch 3980
training epoch 4000
training epoch 4020
training epoch 4040
training epoch 4060
training epoch 4080
training epoch 4100
training epoch 4120
training epoch 4140
training epoch 4160
training epoch 4180
training epoch 4200
training epoch 4220
training epoch 4240
training epoch 4260
training epoch 4280
training epoch 4300
training epoch 4320
training epoch 4340
training epoch 4360
training epoch 4380
training epoch 4400
training epoch 4420
training epoch 4440
training epoch 4460
training epoch 4480
training epoch 4500
training epoch 4520
training epoch 4540
training epoch 4560
training epoch 4580
training epoch 4600
training epoch 4620
training epoch 4640
training epoch 4660
training epoch 4680
training epoch 4700
training epoch 4720
training epoch 4740
training epoch 4760
training epoch 4780
training epoch 4800
training epoch 4820
training epoch 4840
training epoch 4860
training epoch 4880
training epoch 4900
training epoch 4920
training epoch 4940
training epoch 4960
training epoch 4980
training epoch 5000
training epoch 5020
training epoch 5040
training epoch 5060
training epoch 5080
training epoch 5100
training epoch 5120
training epoch 5140
training epoch 5160
training epoch 5180
training epoch 5200
training epoch 5220
training epoch 5240
training epoch 5260
training epoch 5280
training epoch 5300
training epoch 5320
training epoch 5340
training epoch 5360
training epoch 5380
training epoch 5400
training epoch 5420
training epoch 5440
training epoch 5460
training epoch 5480
training epoch 5500
training epoch 5520
training epoch 5540
training epoch 5560
training epoch 5580
training epoch 5600
training epoch 5620
training epoch 5640
training epoch 5660
training epoch 5680
training epoch 5700
training epoch 5720
training epoch 5740
training epoch 5760
training epoch 5780
training epoch 5800
training epoch 5820
training epoch 5840
training epoch 5860
training epoch 5880
training epoch 5900
training epoch 5920
training epoch 5940
training epoch 5960
training epoch 5980
training epoch 6000
training epoch 6020
training epoch 6040
training epoch 6060
training epoch 6080
training epoch 6100
training epoch 6120
training epoch 6140
training epoch 6160
training epoch 6180
training epoch 6200
training epoch 6220
training epoch 6240
training epoch 6260
training epoch 6280
training epoch 6300
training epoch 6320
training epoch 6340
training epoch 6360
training epoch 6380
training epoch 6400
training epoch 6420
training epoch 6440
training epoch 6460
training epoch 6480
training epoch 6500
training epoch 6520
training epoch 6540
training epoch 6560
training epoch 6580
training epoch 6600
training epoch 6620
training epoch 6640
training epoch 6660
training epoch 6680
training epoch 6700
training epoch 6720
training epoch 6740
training epoch 6760
training epoch 6780
training epoch 6800
training epoch 6820
training epoch 6840
training epoch 6860
training epoch 6880
training epoch 6900
training epoch 6920
training epoch 6940
training epoch 6960
training epoch 6980
training epoch 7000
training epoch 7020
training epoch 7040
training epoch 7060
training epoch 7080
training epoch 7100
training epoch 7120
training epoch 7140
training epoch 7160
training epoch 7180
training epoch 7200
training epoch 7220
training epoch 7240
training epoch 7260
training epoch 7280
training epoch 7300
training epoch 7320
training epoch 7340
training epoch 7360
training epoch 7380
training epoch 7400
training epoch 7420
training epoch 7440
training epoch 7460
training epoch 7480
training epoch 7500
training epoch 7520
training epoch 7540
training epoch 7560
training epoch 7580
training epoch 7600
training epoch 7620
training epoch 7640
training epoch 7660
training epoch 7680
training epoch 7700
training epoch 7720
training epoch 7740
training epoch 7760
training epoch 7780
training epoch 7800
training epoch 7820
training epoch 7840
training epoch 7860
training epoch 7880
training epoch 7900
training epoch 7920
training epoch 7940
training epoch 7960
training epoch 7980
training epoch 8000
training epoch 8020
training epoch 8040
training epoch 8060
training epoch 8080
training epoch 8100
training epoch 8120
training epoch 8140
training epoch 8160
training epoch 8180
training epoch 8200
training epoch 8220
training epoch 8240
training epoch 8260
training epoch 8280
training epoch 8300
training epoch 8320
training epoch 8340
training epoch 8360
training epoch 8380
training epoch 8400
training epoch 8420
training epoch 8440
training epoch 8460
training epoch 8480
training epoch 8500
training epoch 8520
training epoch 8540
training epoch 8560
training epoch 8580
training epoch 8600
training epoch 8620
training epoch 8640
training epoch 8660
training epoch 8680
training epoch 8700
training epoch 8720
training epoch 8740
training epoch 8760
training epoch 8780
training epoch 8800
training epoch 8820
training epoch 8840
training epoch 8860
training epoch 8880
training epoch 8900
training epoch 8920
training epoch 8940
training epoch 8960
training epoch 8980
training epoch 9000
training epoch 9020
training epoch 9040
training epoch 9060
training epoch 9080
training epoch 9100
training epoch 9120
training epoch 9140
training epoch 9160
training epoch 9180
training epoch 9200
training epoch 9220
training epoch 9240
training epoch 9260
training epoch 9280
training epoch 9300
training epoch 9320
training epoch 9340
training epoch 9360
training epoch 9380
training epoch 9400
training epoch 9420
training epoch 9440
training epoch 9460
training epoch 9480
training epoch 9500
training epoch 9520
training epoch 9540
training epoch 9560
training epoch 9580
training epoch 9600
training epoch 9620
training epoch 9640
training epoch 9660
training epoch 9680
training epoch 9700
training epoch 9720
training epoch 9740
training epoch 9760
training epoch 9780
training epoch 9800
training epoch 9820
training epoch 9840
training epoch 9860
training epoch 9880
training epoch 9900
training epoch 9920
training epoch 9940
training epoch 9960
training epoch 9980
training epoch 10000
training epoch 10020
training epoch 10040
training epoch 10060
training epoch 10080
training epoch 10100
training epoch 10120
training epoch 10140
training epoch 10160
training epoch 10180
training epoch 10200
training epoch 10220
training epoch 10240
training epoch 10260
training epoch 10280
training epoch 10300
training epoch 10320
training epoch 10340
training epoch 10360
training epoch 10380
training epoch 10400
training epoch 10420
training epoch 10440
training epoch 10460
training epoch 10480
training epoch 10500
training epoch 10520
training epoch 10540
training epoch 10560
training epoch 10580
training epoch 10600
training epoch 10620
training epoch 10640
training epoch 10660
training epoch 10680
training epoch 10700
training epoch 10720
training epoch 10740
training epoch 10760
training epoch 10780
training epoch 10800
training epoch 10820
training epoch 10840
training epoch 10860
training epoch 10880
training epoch 10900
training epoch 10920
training epoch 10940
training epoch 10960
training epoch 10980
training epoch 11000
training epoch 11020
training epoch 11040
training epoch 11060
training epoch 11080
training epoch 11100
training epoch 11120
training epoch 11140
training epoch 11160
training epoch 11180
training epoch 11200
training epoch 11220
training epoch 11240
training epoch 11260
training epoch 11280
training epoch 11300
training epoch 11320
training epoch 11340
training epoch 11360
training epoch 11380
training epoch 11400
training epoch 11420
training epoch 11440
training epoch 11460
training epoch 11480
training epoch 11500
training epoch 11520
training epoch 11540
training epoch 11560
training epoch 11580
training epoch 11600
training epoch 11620
training epoch 11640
training epoch 11660
training epoch 11680
training epoch 11700
training epoch 11720
training epoch 11740
training epoch 11760
training epoch 11780
training epoch 11800
training epoch 11820
training epoch 11840
training epoch 11860
training epoch 11880
training epoch 11900
training epoch 11920
training epoch 11940
training epoch 11960
training epoch 11980
training epoch 12000
training epoch 12020
training epoch 12040
training epoch 12060
training epoch 12080
training epoch 12100
training epoch 12120
training epoch 12140
training epoch 12160
training epoch 12180
training epoch 12200
training epoch 12220
training epoch 12240
training epoch 12260
training epoch 12280
training epoch 12300
training epoch 12320
training epoch 12340
training epoch 12360
training epoch 12380
training epoch 12400
training epoch 12420
training epoch 12440
training epoch 12460
training epoch 12480
training epoch 12500
training epoch 12520
training epoch 12540
training epoch 12560
training epoch 12580
training epoch 12600
training epoch 12620
training epoch 12640
training epoch 12660
training epoch 12680
training epoch 12700
training epoch 12720
training epoch 12740
training epoch 12760
training epoch 12780
training epoch 12800
training epoch 12820
training epoch 12840
training epoch 12860
training epoch 12880
training epoch 12900
training epoch 12920
training epoch 12940
training epoch 12960
training epoch 12980
training epoch 13000
training epoch 13020
training epoch 13040
training epoch 13060
training epoch 13080
training epoch 13100
training epoch 13120
training epoch 13140
training epoch 13160
training epoch 13180
training epoch 13200
training epoch 13220
training epoch 13240
training epoch 13260
training epoch 13280
training epoch 13300
training epoch 13320
training epoch 13340
training epoch 13360
training epoch 13380
training epoch 13400
training epoch 13420
training epoch 13440
training epoch 13460
training epoch 13480
training epoch 13500
training epoch 13520
training epoch 13540
training epoch 13560
training epoch 13580
training epoch 13600
training epoch 13620
training epoch 13640
training epoch 13660
training epoch 13680
training epoch 13700
training epoch 13720
training epoch 13740
training epoch 13760
training epoch 13780
training epoch 13800
training epoch 13820
training epoch 13840
training epoch 13860
training epoch 13880
training epoch 13900
training epoch 13920
training epoch 13940
training epoch 13960
training epoch 13980
training epoch 14000
training epoch 14020
training epoch 14040
training epoch 14060
training epoch 14080
training epoch 14100
training epoch 14120
training epoch 14140
training epoch 14160
training epoch 14180
training epoch 14200
training epoch 14220
training epoch 14240
training epoch 14260
training epoch 14280
training epoch 14300
training epoch 14320
training epoch 14340
training epoch 14360
training epoch 14380
training epoch 14400
training epoch 14420
training epoch 14440
training epoch 14460
training epoch 14480
training epoch 14500
training epoch 14520
training epoch 14540
training epoch 14560
training epoch 14580
training epoch 14600
training epoch 14620
training epoch 14640
training epoch 14660
training epoch 14680
training epoch 14700
training epoch 14720
training epoch 14740
training epoch 14760
training epoch 14780
training epoch 14800
training epoch 14820
training epoch 14840
training epoch 14860
training epoch 14880
training epoch 14900
training epoch 14920
training epoch 14940
training epoch 14960
training epoch 14980
training epoch 15000
training epoch 15020
training epoch 15040
training epoch 15060
training epoch 15080
training epoch 15100
training epoch 15120
training epoch 15140
training epoch 15160
training epoch 15180
training epoch 15200
training epoch 15220
training epoch 15240
training epoch 15260
training epoch 15280
training epoch 15300
training epoch 15320
training epoch 15340
training epoch 15360
training epoch 15380
training epoch 15400
training epoch 15420
training epoch 15440
training epoch 15460
training epoch 15480
training epoch 15500
training epoch 15520
training epoch 15540
training epoch 15560
training epoch 15580
training epoch 15600
training epoch 15620
training epoch 15640
training epoch 15660
training epoch 15680
training epoch 15700
training epoch 15720
training epoch 15740
training epoch 15760
training epoch 15780
training epoch 15800
training epoch 15820
training epoch 15840
training epoch 15860
training epoch 15880
training epoch 15900
training epoch 15920
training epoch 15940
training epoch 15960
training epoch 15980
training epoch 16000
training epoch 16020
training epoch 16040
training epoch 16060
training epoch 16080
training epoch 16100
training epoch 16120
training epoch 16140
training epoch 16160
training epoch 16180
training epoch 16200
training epoch 16220
training epoch 16240
training epoch 16260
training epoch 16280
training epoch 16300
training epoch 16320
training epoch 16340
training epoch 16360
training epoch 16380
training epoch 16400
training epoch 16420
training epoch 16440
training epoch 16460
training epoch 16480
training epoch 16500
training epoch 16520
training epoch 16540
training epoch 16560
training epoch 16580
training epoch 16600
training epoch 16620
training epoch 16640
training epoch 16660
training epoch 16680
training epoch 16700
training epoch 16720
training epoch 16740
training epoch 16760
training epoch 16780
training epoch 16800
training epoch 16820
training epoch 16840
training epoch 16860
training epoch 16880
training epoch 16900
training epoch 16920
training epoch 16940
training epoch 16960
training epoch 16980
training epoch 17000
training epoch 17020
training epoch 17040
training epoch 17060
training epoch 17080
training epoch 17100
training epoch 17120
training epoch 17140
training epoch 17160
training epoch 17180
training epoch 17200
training epoch 17220
training epoch 17240
training epoch 17260
training epoch 17280
training epoch 17300
training epoch 17320
training epoch 17340
training epoch 17360
training epoch 17380
training epoch 17400
training epoch 17420
training epoch 17440
training epoch 17460
training epoch 17480
training epoch 17500
training epoch 17520
training epoch 17540
training epoch 17560
training epoch 17580
training epoch 17600
training epoch 17620
training epoch 17640
training epoch 17660
training epoch 17680
training epoch 17700
training epoch 17720
training epoch 17740
training epoch 17760
training epoch 17780
training epoch 17800
training epoch 17820
training epoch 17840
training epoch 17860
training epoch 17880
training epoch 17900
training epoch 17920
training epoch 17940
training epoch 17960
training epoch 17980
training epoch 18000
training epoch 18020
training epoch 18040
training epoch 18060
training epoch 18080
training epoch 18100
training epoch 18120
training epoch 18140
training epoch 18160
training epoch 18180
training epoch 18200
training epoch 18220
training epoch 18240
training epoch 18260
training epoch 18280
training epoch 18300
training epoch 18320
training epoch 18340
training epoch 18360
training epoch 18380
training epoch 18400
training epoch 18420
training epoch 18440
training epoch 18460
training epoch 18480
training epoch 18500
training epoch 18520
training epoch 18540
training epoch 18560
training epoch 18580
training epoch 18600
training epoch 18620
training epoch 18640
training epoch 18660
training epoch 18680
training epoch 18700
training epoch 18720
training epoch 18740
training epoch 18760
training epoch 18780
training epoch 18800
training epoch 18820
training epoch 18840
training epoch 18860
training epoch 18880
training epoch 18900
training epoch 18920
training epoch 18940
training epoch 18960
training epoch 18980
training epoch 19000
training epoch 19020
training epoch 19040
training epoch 19060
training epoch 19080
training epoch 19100
training epoch 19120
training epoch 19140
training epoch 19160
training epoch 19180
training epoch 19200
training epoch 19220
training epoch 19240
training epoch 19260
training epoch 19280
training epoch 19300
training epoch 19320
training epoch 19340
training epoch 19360
training epoch 19380
training epoch 19400
training epoch 19420
training epoch 19440
training epoch 19460
training epoch 19480
training epoch 19500
training epoch 19520
training epoch 19540
training epoch 19560
training epoch 19580
training epoch 19600
training epoch 19620
training epoch 19640
training epoch 19660
training epoch 19680
training epoch 19700
training epoch 19720
training epoch 19740
training epoch 19760
training epoch 19780
training epoch 19800
training epoch 19820
training epoch 19840
training epoch 19860
training epoch 19880
training epoch 19900
training epoch 19920
training epoch 19940
training epoch 19960
training epoch 19980
finished training 20000 epochs, took 27725.50011062622 seconds
