cuda:0
are inputs and targets on the GPU? True True
use batch-mean MSE as loss function
training epoch 0
training epoch 20
training epoch 40
training epoch 60
training epoch 80
training epoch 100
training epoch 120
training epoch 140
training epoch 160
training epoch 180
training epoch 200
training epoch 220
training epoch 240
training epoch 260
training epoch 280
training epoch 300
training epoch 320
training epoch 340
training epoch 360
training epoch 380
training epoch 400
training epoch 420
training epoch 440
training epoch 460
training epoch 480
training epoch 500
training epoch 520
training epoch 540
training epoch 560
training epoch 580
training epoch 600
training epoch 620
training epoch 640
training epoch 660
training epoch 680
training epoch 700
training epoch 720
training epoch 740
training epoch 760
training epoch 780
training epoch 800
training epoch 820
training epoch 840
training epoch 860
training epoch 880
training epoch 900
training epoch 920
training epoch 940
training epoch 960
training epoch 980
training epoch 1000
training epoch 1020
training epoch 1040
training epoch 1060
training epoch 1080
training epoch 1100
training epoch 1120
training epoch 1140
training epoch 1160
training epoch 1180
training epoch 1200
training epoch 1220
training epoch 1240
training epoch 1260
training epoch 1280
training epoch 1300
training epoch 1320
training epoch 1340
training epoch 1360
training epoch 1380
training epoch 1400
training epoch 1420
training epoch 1440
training epoch 1460
training epoch 1480
training epoch 1500
training epoch 1520
training epoch 1540
training epoch 1560
training epoch 1580
training epoch 1600
training epoch 1620
training epoch 1640
training epoch 1660
training epoch 1680
training epoch 1700
training epoch 1720
training epoch 1740
training epoch 1760
training epoch 1780
training epoch 1800
training epoch 1820
training epoch 1840
training epoch 1860
training epoch 1880
training epoch 1900
training epoch 1920
training epoch 1940
training epoch 1960
training epoch 1980
training epoch 2000
training epoch 2020
training epoch 2040
training epoch 2060
training epoch 2080
training epoch 2100
training epoch 2120
training epoch 2140
training epoch 2160
training epoch 2180
training epoch 2200
training epoch 2220
training epoch 2240
training epoch 2260
training epoch 2280
training epoch 2300
training epoch 2320
training epoch 2340
training epoch 2360
training epoch 2380
training epoch 2400
training epoch 2420
training epoch 2440
training epoch 2460
training epoch 2480
training epoch 2500
training epoch 2520
training epoch 2540
training epoch 2560
training epoch 2580
training epoch 2600
training epoch 2620
training epoch 2640
training epoch 2660
training epoch 2680
training epoch 2700
training epoch 2720
training epoch 2740
training epoch 2760
training epoch 2780
training epoch 2800
training epoch 2820
training epoch 2840
training epoch 2860
training epoch 2880
training epoch 2900
training epoch 2920
training epoch 2940
training epoch 2960
training epoch 2980
training epoch 3000
training epoch 3020
training epoch 3040
training epoch 3060
training epoch 3080
training epoch 3100
training epoch 3120
training epoch 3140
training epoch 3160
training epoch 3180
training epoch 3200
training epoch 3220
training epoch 3240
training epoch 3260
training epoch 3280
training epoch 3300
training epoch 3320
training epoch 3340
training epoch 3360
training epoch 3380
training epoch 3400
training epoch 3420
training epoch 3440
training epoch 3460
training epoch 3480
training epoch 3500
training epoch 3520
training epoch 3540
training epoch 3560
training epoch 3580
training epoch 3600
training epoch 3620
training epoch 3640
training epoch 3660
training epoch 3680
training epoch 3700
training epoch 3720
training epoch 3740
training epoch 3760
training epoch 3780
training epoch 3800
training epoch 3820
training epoch 3840
training epoch 3860
training epoch 3880
training epoch 3900
training epoch 3920
training epoch 3940
training epoch 3960
training epoch 3980
training epoch 4000
training epoch 4020
training epoch 4040
training epoch 4060
training epoch 4080
training epoch 4100
training epoch 4120
training epoch 4140
training epoch 4160
training epoch 4180
training epoch 4200
training epoch 4220
training epoch 4240
training epoch 4260
training epoch 4280
training epoch 4300
training epoch 4320
training epoch 4340
training epoch 4360
training epoch 4380
training epoch 4400
training epoch 4420
training epoch 4440
training epoch 4460
training epoch 4480
training epoch 4500
training epoch 4520
training epoch 4540
training epoch 4560
training epoch 4580
training epoch 4600
training epoch 4620
training epoch 4640
training epoch 4660
training epoch 4680
training epoch 4700
training epoch 4720
training epoch 4740
training epoch 4760
training epoch 4780
training epoch 4800
training epoch 4820
training epoch 4840
training epoch 4860
training epoch 4880
training epoch 4900
training epoch 4920
training epoch 4940
training epoch 4960
training epoch 4980
finished training 5000 epochs, took 7442.457102298737 seconds
